
=============================Java stack traces ===================================

"remote-thread-1,211" Id=89 in RUNNABLE
    at java.net.SocketInputStream.socketRead0(Native Method)
    at java.net.SocketInputStream.read(SocketInputStream.java:150)
    at java.net.SocketInputStream.read(SocketInputStream.java:121)
    at oracle.net.ns.Packet.receive(Packet.java:300)
    at oracle.net.ns.DataPacket.receive(DataPacket.java:106)
    at oracle.net.ns.NetInputStream.getNextPacket(NetInputStream.java:315)
    at oracle.net.ns.NetInputStream.read(NetInputStream.java:260)
    at oracle.net.ns.NetInputStream.read(NetInputStream.java:185)
    at oracle.net.ns.NetInputStream.read(NetInputStream.java:102)
    at oracle.jdbc.driver.T4CSocketInputStreamWrapper.readNextPacket(T4CSocketInputStreamWrapper.java:124)
    at oracle.jdbc.driver.T4CSocketInputStreamWrapper.read(T4CSocketInputStreamWrapper.java:80)
    at oracle.jdbc.driver.T4CMAREngine.unmarshalUB1(T4CMAREngine.java:1137)
    at oracle.jdbc.driver.T4CTTIfun.receive(T4CTTIfun.java:290)
    at oracle.jdbc.driver.T4CTTIfun.doRPC(T4CTTIfun.java:192)
    at oracle.jdbc.driver.T4C8Oall.doOALL(T4C8Oall.java:531)
    at oracle.jdbc.driver.T4CPreparedStatement.doOall8(T4CPreparedStatement.java:207)
    at oracle.jdbc.driver.T4CPreparedStatement.fetch(T4CPreparedStatement.java:1119)
    at oracle.jdbc.driver.OracleResultSetImpl.close_or_fetch_from_next(OracleResultSetImpl.java:373)
      - locked oracle.jdbc.driver.T4CConnection@153d8a14
    at oracle.jdbc.driver.OracleResultSetImpl.next(OracleResultSetImpl.java:277)
      - locked oracle.jdbc.driver.T4CConnection@153d8a14
    at sun.reflect.GeneratedMethodAccessor16.invoke(Unknown Source)
    at sun.reflect.DelegatingMethodAccessorImpl.invoke(DelegatingMethodAccessorImpl.java:43)
    at java.lang.reflect.Method.invoke(Method.java:606)
    at oracle.ucp.jdbc.proxy.ResultSetProxyFactory.invoke(ResultSetProxyFactory.java:202)
    at com.sun.proxy.$Proxy13.next(Unknown Source)
    at com.jpmorgan.lri.cs.context.dao.ContextFinderDao.findMemberContexts(ContextFinderDao.java:373)
    at com.jpmorgan.lri.cs.context.ContextServiceImpl.getContext(ContextServiceImpl.java:207)
    at com.jpmorgan.lri.cs.ae.distexec.command.CommandDBService.getContext(CommandDBService.java:801)
    at com.jpmorgan.lri.cs.ae.distexec.command.CommandDBService.getContextLevel3(CommandDBService.java:738)
    at com.jpmorgan.lri.cs.ae.cache.preparer.CFGParamsFinder.findParams(CFGParamsFinder.java:36)
    at com.jpmorgan.lri.cs.ae.engine.PlaneBuilderV2Stress.<init>(PlaneBuilderV2Stress.java:272)
    at com.jpmorgan.lri.cs.ae.distexec.exec.task.ProcessRequestMapperTask.callOnMapper(ProcessRequestMapperTask.java:91)
    at com.jpmorgan.lri.cs.ae.distexec.exec.task.ProcessRequestMapperTask.callOnMapper(ProcessRequestMapperTask.java:38)
    at com.jpmorgan.lri.cs.ae.distexec.exec.task.TaskExec.call(TaskExec.java:352)
    at org.infinispan.commands.read.DistributedExecuteCommand.perform(DistributedExecuteCommand.java:121)
    at org.infinispan.remoting.InboundInvocationHandlerImpl.handleInternal(InboundInvocationHandlerImpl.java:122)
    at org.infinispan.remoting.InboundInvocationHandlerImpl.access$000(InboundInvocationHandlerImpl.java:68)
    at org.infinispan.remoting.InboundInvocationHandlerImpl$2.run(InboundInvocationHandlerImpl.java:194)
    at java.util.concurrent.ThreadPoolExecutor.runWorker(ThreadPoolExecutor.java:1145)
    at java.util.concurrent.ThreadPoolExecutor$Worker.run(ThreadPoolExecutor.java:615)
    at java.lang.Thread.run(Thread.java:724)

    Locked synchronizers: count = 1
      - java.util.concurrent.ThreadPoolExecutor$Worker@2f30da11

"UCP-worker-thread-24" Id=87 in WAITING on lock=java.util.concurrent.locks.AbstractQueuedSynchronizer$ConditionObject@3fdd4181
    at sun.misc.Unsafe.park(Native Method)
    at java.util.concurrent.locks.LockSupport.park(LockSupport.java:186)
    at java.util.concurrent.locks.AbstractQueuedSynchronizer$ConditionObject.await(AbstractQueuedSynchronizer.java:2043)
    at java.util.concurrent.LinkedBlockingQueue.take(LinkedBlockingQueue.java:442)
    at java.util.concurrent.ThreadPoolExecutor.getTask(ThreadPoolExecutor.java:1068)
    at java.util.concurrent.ThreadPoolExecutor.runWorker(ThreadPoolExecutor.java:1130)
    at java.util.concurrent.ThreadPoolExecutor$Worker.run(ThreadPoolExecutor.java:615)
    at java.lang.Thread.run(Thread.java:724)

    Locked synchronizers: count = 0

"UCP-worker-thread-23" Id=86 in WAITING on lock=java.util.concurrent.locks.AbstractQueuedSynchronizer$ConditionObject@3fdd4181
    at sun.misc.Unsafe.park(Native Method)
    at java.util.concurrent.locks.LockSupport.park(LockSupport.java:186)
    at java.util.concurrent.locks.AbstractQueuedSynchronizer$ConditionObject.await(AbstractQueuedSynchronizer.java:2043)
    at java.util.concurrent.LinkedBlockingQueue.take(LinkedBlockingQueue.java:442)
    at java.util.concurrent.ThreadPoolExecutor.getTask(ThreadPoolExecutor.java:1068)
    at java.util.concurrent.ThreadPoolExecutor.runWorker(ThreadPoolExecutor.java:1130)
    at java.util.concurrent.ThreadPoolExecutor$Worker.run(ThreadPoolExecutor.java:615)
    at java.lang.Thread.run(Thread.java:724)

    Locked synchronizers: count = 0

"UCP-worker-thread-22" Id=85 in WAITING on lock=java.util.concurrent.locks.AbstractQueuedSynchronizer$ConditionObject@3fdd4181
    at sun.misc.Unsafe.park(Native Method)
    at java.util.concurrent.locks.LockSupport.park(LockSupport.java:186)
    at java.util.concurrent.locks.AbstractQueuedSynchronizer$ConditionObject.await(AbstractQueuedSynchronizer.java:2043)
    at java.util.concurrent.LinkedBlockingQueue.take(LinkedBlockingQueue.java:442)
    at java.util.concurrent.ThreadPoolExecutor.getTask(ThreadPoolExecutor.java:1068)
    at java.util.concurrent.ThreadPoolExecutor.runWorker(ThreadPoolExecutor.java:1130)
    at java.util.concurrent.ThreadPoolExecutor$Worker.run(ThreadPoolExecutor.java:615)
    at java.lang.Thread.run(Thread.java:724)

    Locked synchronizers: count = 0

"UCP-worker-thread-21" Id=84 in WAITING on lock=java.util.concurrent.locks.AbstractQueuedSynchronizer$ConditionObject@3fdd4181
    at sun.misc.Unsafe.park(Native Method)
    at java.util.concurrent.locks.LockSupport.park(LockSupport.java:186)
    at java.util.concurrent.locks.AbstractQueuedSynchronizer$ConditionObject.await(AbstractQueuedSynchronizer.java:2043)
    at java.util.concurrent.LinkedBlockingQueue.take(LinkedBlockingQueue.java:442)
    at java.util.concurrent.ThreadPoolExecutor.getTask(ThreadPoolExecutor.java:1068)
    at java.util.concurrent.ThreadPoolExecutor.runWorker(ThreadPoolExecutor.java:1130)
    at java.util.concurrent.ThreadPoolExecutor$Worker.run(ThreadPoolExecutor.java:615)
    at java.lang.Thread.run(Thread.java:724)

    Locked synchronizers: count = 0

"UCP-worker-thread-20" Id=83 in WAITING on lock=java.util.concurrent.locks.AbstractQueuedSynchronizer$ConditionObject@3fdd4181
    at sun.misc.Unsafe.park(Native Method)
    at java.util.concurrent.locks.LockSupport.park(LockSupport.java:186)
    at java.util.concurrent.locks.AbstractQueuedSynchronizer$ConditionObject.await(AbstractQueuedSynchronizer.java:2043)
    at java.util.concurrent.LinkedBlockingQueue.take(LinkedBlockingQueue.java:442)
    at java.util.concurrent.ThreadPoolExecutor.getTask(ThreadPoolExecutor.java:1068)
    at java.util.concurrent.ThreadPoolExecutor.runWorker(ThreadPoolExecutor.java:1130)
    at java.util.concurrent.ThreadPoolExecutor$Worker.run(ThreadPoolExecutor.java:615)
    at java.lang.Thread.run(Thread.java:724)

    Locked synchronizers: count = 0

"UCP-worker-thread-19" Id=82 in WAITING on lock=java.util.concurrent.locks.AbstractQueuedSynchronizer$ConditionObject@3fdd4181
    at sun.misc.Unsafe.park(Native Method)
    at java.util.concurrent.locks.LockSupport.park(LockSupport.java:186)
    at java.util.concurrent.locks.AbstractQueuedSynchronizer$ConditionObject.await(AbstractQueuedSynchronizer.java:2043)
    at java.util.concurrent.LinkedBlockingQueue.take(LinkedBlockingQueue.java:442)
    at java.util.concurrent.ThreadPoolExecutor.getTask(ThreadPoolExecutor.java:1068)
    at java.util.concurrent.ThreadPoolExecutor.runWorker(ThreadPoolExecutor.java:1130)
    at java.util.concurrent.ThreadPoolExecutor$Worker.run(ThreadPoolExecutor.java:615)
    at java.lang.Thread.run(Thread.java:724)

    Locked synchronizers: count = 0

"UCP-worker-thread-18" Id=81 in WAITING on lock=java.util.concurrent.locks.AbstractQueuedSynchronizer$ConditionObject@3fdd4181
    at sun.misc.Unsafe.park(Native Method)
    at java.util.concurrent.locks.LockSupport.park(LockSupport.java:186)
    at java.util.concurrent.locks.AbstractQueuedSynchronizer$ConditionObject.await(AbstractQueuedSynchronizer.java:2043)
    at java.util.concurrent.LinkedBlockingQueue.take(LinkedBlockingQueue.java:442)
    at java.util.concurrent.ThreadPoolExecutor.getTask(ThreadPoolExecutor.java:1068)
    at java.util.concurrent.ThreadPoolExecutor.runWorker(ThreadPoolExecutor.java:1130)
    at java.util.concurrent.ThreadPoolExecutor$Worker.run(ThreadPoolExecutor.java:615)
    at java.lang.Thread.run(Thread.java:724)

    Locked synchronizers: count = 0

"UCP-worker-thread-17" Id=80 in WAITING on lock=java.util.concurrent.locks.AbstractQueuedSynchronizer$ConditionObject@3fdd4181
    at sun.misc.Unsafe.park(Native Method)
    at java.util.concurrent.locks.LockSupport.park(LockSupport.java:186)
    at java.util.concurrent.locks.AbstractQueuedSynchronizer$ConditionObject.await(AbstractQueuedSynchronizer.java:2043)
    at java.util.concurrent.LinkedBlockingQueue.take(LinkedBlockingQueue.java:442)
    at java.util.concurrent.ThreadPoolExecutor.getTask(ThreadPoolExecutor.java:1068)
    at java.util.concurrent.ThreadPoolExecutor.runWorker(ThreadPoolExecutor.java:1130)
    at java.util.concurrent.ThreadPoolExecutor$Worker.run(ThreadPoolExecutor.java:615)
    at java.lang.Thread.run(Thread.java:724)

    Locked synchronizers: count = 0

"OracleTimeoutPollingThread" Id=79 in TIMED_WAITING
    at java.lang.Thread.sleep(Native Method)
    at oracle.jdbc.driver.OracleTimeoutPollingThread.run(OracleTimeoutPollingThread.java:150)

    Locked synchronizers: count = 0

"UCP-worker-thread-16" Id=78 in WAITING on lock=java.util.concurrent.locks.AbstractQueuedSynchronizer$ConditionObject@3fdd4181
    at sun.misc.Unsafe.park(Native Method)
    at java.util.concurrent.locks.LockSupport.park(LockSupport.java:186)
    at java.util.concurrent.locks.AbstractQueuedSynchronizer$ConditionObject.await(AbstractQueuedSynchronizer.java:2043)
    at java.util.concurrent.LinkedBlockingQueue.take(LinkedBlockingQueue.java:442)
    at java.util.concurrent.ThreadPoolExecutor.getTask(ThreadPoolExecutor.java:1068)
    at java.util.concurrent.ThreadPoolExecutor.runWorker(ThreadPoolExecutor.java:1130)
    at java.util.concurrent.ThreadPoolExecutor$Worker.run(ThreadPoolExecutor.java:615)
    at java.lang.Thread.run(Thread.java:724)

    Locked synchronizers: count = 0

"UCP-worker-thread-15" Id=77 in WAITING on lock=java.util.concurrent.locks.AbstractQueuedSynchronizer$ConditionObject@3fdd4181
    at sun.misc.Unsafe.park(Native Method)
    at java.util.concurrent.locks.LockSupport.park(LockSupport.java:186)
    at java.util.concurrent.locks.AbstractQueuedSynchronizer$ConditionObject.await(AbstractQueuedSynchronizer.java:2043)
    at java.util.concurrent.LinkedBlockingQueue.take(LinkedBlockingQueue.java:442)
    at java.util.concurrent.ThreadPoolExecutor.getTask(ThreadPoolExecutor.java:1068)
    at java.util.concurrent.ThreadPoolExecutor.runWorker(ThreadPoolExecutor.java:1130)
    at java.util.concurrent.ThreadPoolExecutor$Worker.run(ThreadPoolExecutor.java:615)
    at java.lang.Thread.run(Thread.java:724)

    Locked synchronizers: count = 0

"UCP-worker-thread-14" Id=76 in WAITING on lock=java.util.concurrent.locks.AbstractQueuedSynchronizer$ConditionObject@3fdd4181
    at sun.misc.Unsafe.park(Native Method)
    at java.util.concurrent.locks.LockSupport.park(LockSupport.java:186)
    at java.util.concurrent.locks.AbstractQueuedSynchronizer$ConditionObject.await(AbstractQueuedSynchronizer.java:2043)
    at java.util.concurrent.LinkedBlockingQueue.take(LinkedBlockingQueue.java:442)
    at java.util.concurrent.ThreadPoolExecutor.getTask(ThreadPoolExecutor.java:1068)
    at java.util.concurrent.ThreadPoolExecutor.runWorker(ThreadPoolExecutor.java:1130)
    at java.util.concurrent.ThreadPoolExecutor$Worker.run(ThreadPoolExecutor.java:615)
    at java.lang.Thread.run(Thread.java:724)

    Locked synchronizers: count = 0

"UCP-worker-thread-13" Id=75 in WAITING on lock=java.util.concurrent.locks.AbstractQueuedSynchronizer$ConditionObject@3fdd4181
    at sun.misc.Unsafe.park(Native Method)
    at java.util.concurrent.locks.LockSupport.park(LockSupport.java:186)
    at java.util.concurrent.locks.AbstractQueuedSynchronizer$ConditionObject.await(AbstractQueuedSynchronizer.java:2043)
    at java.util.concurrent.LinkedBlockingQueue.take(LinkedBlockingQueue.java:442)
    at java.util.concurrent.ThreadPoolExecutor.getTask(ThreadPoolExecutor.java:1068)
    at java.util.concurrent.ThreadPoolExecutor.runWorker(ThreadPoolExecutor.java:1130)
    at java.util.concurrent.ThreadPoolExecutor$Worker.run(ThreadPoolExecutor.java:615)
    at java.lang.Thread.run(Thread.java:724)

    Locked synchronizers: count = 0

"UCP-worker-thread-12" Id=74 in WAITING on lock=java.util.concurrent.locks.AbstractQueuedSynchronizer$ConditionObject@3fdd4181
    at sun.misc.Unsafe.park(Native Method)
    at java.util.concurrent.locks.LockSupport.park(LockSupport.java:186)
    at java.util.concurrent.locks.AbstractQueuedSynchronizer$ConditionObject.await(AbstractQueuedSynchronizer.java:2043)
    at java.util.concurrent.LinkedBlockingQueue.take(LinkedBlockingQueue.java:442)
    at java.util.concurrent.ThreadPoolExecutor.getTask(ThreadPoolExecutor.java:1068)
    at java.util.concurrent.ThreadPoolExecutor.runWorker(ThreadPoolExecutor.java:1130)
    at java.util.concurrent.ThreadPoolExecutor$Worker.run(ThreadPoolExecutor.java:615)
    at java.lang.Thread.run(Thread.java:724)

    Locked synchronizers: count = 0

"UCP-worker-thread-11" Id=73 in WAITING on lock=java.util.concurrent.locks.AbstractQueuedSynchronizer$ConditionObject@3fdd4181
    at sun.misc.Unsafe.park(Native Method)
    at java.util.concurrent.locks.LockSupport.park(LockSupport.java:186)
    at java.util.concurrent.locks.AbstractQueuedSynchronizer$ConditionObject.await(AbstractQueuedSynchronizer.java:2043)
    at java.util.concurrent.LinkedBlockingQueue.take(LinkedBlockingQueue.java:442)
    at java.util.concurrent.ThreadPoolExecutor.getTask(ThreadPoolExecutor.java:1068)
    at java.util.concurrent.ThreadPoolExecutor.runWorker(ThreadPoolExecutor.java:1130)
    at java.util.concurrent.ThreadPoolExecutor$Worker.run(ThreadPoolExecutor.java:615)
    at java.lang.Thread.run(Thread.java:724)

    Locked synchronizers: count = 0

"UCP-worker-thread-10" Id=72 in WAITING on lock=java.util.concurrent.locks.AbstractQueuedSynchronizer$ConditionObject@3fdd4181
    at sun.misc.Unsafe.park(Native Method)
    at java.util.concurrent.locks.LockSupport.park(LockSupport.java:186)
    at java.util.concurrent.locks.AbstractQueuedSynchronizer$ConditionObject.await(AbstractQueuedSynchronizer.java:2043)
    at java.util.concurrent.LinkedBlockingQueue.take(LinkedBlockingQueue.java:442)
    at java.util.concurrent.ThreadPoolExecutor.getTask(ThreadPoolExecutor.java:1068)
    at java.util.concurrent.ThreadPoolExecutor.runWorker(ThreadPoolExecutor.java:1130)
    at java.util.concurrent.ThreadPoolExecutor$Worker.run(ThreadPoolExecutor.java:615)
    at java.lang.Thread.run(Thread.java:724)

    Locked synchronizers: count = 0

"UCP-worker-thread-9" Id=71 in WAITING on lock=java.util.concurrent.locks.AbstractQueuedSynchronizer$ConditionObject@3fdd4181
    at sun.misc.Unsafe.park(Native Method)
    at java.util.concurrent.locks.LockSupport.park(LockSupport.java:186)
    at java.util.concurrent.locks.AbstractQueuedSynchronizer$ConditionObject.await(AbstractQueuedSynchronizer.java:2043)
    at java.util.concurrent.LinkedBlockingQueue.take(LinkedBlockingQueue.java:442)
    at java.util.concurrent.ThreadPoolExecutor.getTask(ThreadPoolExecutor.java:1068)
    at java.util.concurrent.ThreadPoolExecutor.runWorker(ThreadPoolExecutor.java:1130)
    at java.util.concurrent.ThreadPoolExecutor$Worker.run(ThreadPoolExecutor.java:615)
    at java.lang.Thread.run(Thread.java:724)

    Locked synchronizers: count = 0

"UCP-worker-thread-8" Id=70 in WAITING on lock=java.util.concurrent.locks.AbstractQueuedSynchronizer$ConditionObject@3fdd4181
    at sun.misc.Unsafe.park(Native Method)
    at java.util.concurrent.locks.LockSupport.park(LockSupport.java:186)
    at java.util.concurrent.locks.AbstractQueuedSynchronizer$ConditionObject.await(AbstractQueuedSynchronizer.java:2043)
    at java.util.concurrent.LinkedBlockingQueue.take(LinkedBlockingQueue.java:442)
    at java.util.concurrent.ThreadPoolExecutor.getTask(ThreadPoolExecutor.java:1068)
    at java.util.concurrent.ThreadPoolExecutor.runWorker(ThreadPoolExecutor.java:1130)
    at java.util.concurrent.ThreadPoolExecutor$Worker.run(ThreadPoolExecutor.java:615)
    at java.lang.Thread.run(Thread.java:724)

    Locked synchronizers: count = 0

"UCP-worker-thread-7" Id=69 in WAITING on lock=java.util.concurrent.locks.AbstractQueuedSynchronizer$ConditionObject@3fdd4181
    at sun.misc.Unsafe.park(Native Method)
    at java.util.concurrent.locks.LockSupport.park(LockSupport.java:186)
    at java.util.concurrent.locks.AbstractQueuedSynchronizer$ConditionObject.await(AbstractQueuedSynchronizer.java:2043)
    at java.util.concurrent.LinkedBlockingQueue.take(LinkedBlockingQueue.java:442)
    at java.util.concurrent.ThreadPoolExecutor.getTask(ThreadPoolExecutor.java:1068)
    at java.util.concurrent.ThreadPoolExecutor.runWorker(ThreadPoolExecutor.java:1130)
    at java.util.concurrent.ThreadPoolExecutor$Worker.run(ThreadPoolExecutor.java:615)
    at java.lang.Thread.run(Thread.java:724)

    Locked synchronizers: count = 0

"DestroyJavaVM" Id=68 in RUNNABLE

    Locked synchronizers: count = 0

"transport-thread-0,211" Id=67 in WAITING on lock=java.util.concurrent.locks.AbstractQueuedSynchronizer$ConditionObject@23c66e1d
    at sun.misc.Unsafe.park(Native Method)
    at java.util.concurrent.locks.LockSupport.park(LockSupport.java:186)
    at java.util.concurrent.locks.AbstractQueuedSynchronizer$ConditionObject.await(AbstractQueuedSynchronizer.java:2043)
    at java.util.concurrent.LinkedBlockingQueue.take(LinkedBlockingQueue.java:442)
    at java.util.concurrent.ThreadPoolExecutor.getTask(ThreadPoolExecutor.java:1068)
    at java.util.concurrent.ThreadPoolExecutor.runWorker(ThreadPoolExecutor.java:1130)
    at java.util.concurrent.ThreadPoolExecutor$Worker.run(ThreadPoolExecutor.java:615)
    at java.lang.Thread.run(Thread.java:724)

    Locked synchronizers: count = 0

"UCP-worker-thread-6" Id=66 in WAITING on lock=java.util.concurrent.locks.AbstractQueuedSynchronizer$ConditionObject@3fdd4181
    at sun.misc.Unsafe.park(Native Method)
    at java.util.concurrent.locks.LockSupport.park(LockSupport.java:186)
    at java.util.concurrent.locks.AbstractQueuedSynchronizer$ConditionObject.await(AbstractQueuedSynchronizer.java:2043)
    at java.util.concurrent.LinkedBlockingQueue.take(LinkedBlockingQueue.java:442)
    at java.util.concurrent.ThreadPoolExecutor.getTask(ThreadPoolExecutor.java:1068)
    at java.util.concurrent.ThreadPoolExecutor.runWorker(ThreadPoolExecutor.java:1130)
    at java.util.concurrent.ThreadPoolExecutor$Worker.run(ThreadPoolExecutor.java:615)
    at java.lang.Thread.run(Thread.java:724)

    Locked synchronizers: count = 0

"remote-thread-0,211" Id=65 in RUNNABLE
    at java.net.SocketInputStream.socketRead0(Native Method)
    at java.net.SocketInputStream.read(SocketInputStream.java:150)
    at java.net.SocketInputStream.read(SocketInputStream.java:121)
    at oracle.net.ns.Packet.receive(Packet.java:300)
    at oracle.net.ns.DataPacket.receive(DataPacket.java:106)
    at oracle.net.ns.NetInputStream.getNextPacket(NetInputStream.java:315)
    at oracle.net.ns.NetInputStream.read(NetInputStream.java:260)
    at oracle.net.ns.NetInputStream.read(NetInputStream.java:185)
    at oracle.net.ns.NetInputStream.read(NetInputStream.java:102)
    at oracle.jdbc.driver.T4CSocketInputStreamWrapper.readNextPacket(T4CSocketInputStreamWrapper.java:124)
    at oracle.jdbc.driver.T4CSocketInputStreamWrapper.read(T4CSocketInputStreamWrapper.java:80)
    at oracle.jdbc.driver.T4CMAREngine.unmarshalUB1(T4CMAREngine.java:1137)
    at oracle.jdbc.driver.T4CTTIfun.receive(T4CTTIfun.java:290)
    at oracle.jdbc.driver.T4CTTIfun.doRPC(T4CTTIfun.java:192)
    at oracle.jdbc.driver.T4C8Oall.doOALL(T4C8Oall.java:531)
    at oracle.jdbc.driver.T4CPreparedStatement.doOall8(T4CPreparedStatement.java:207)
    at oracle.jdbc.driver.T4CPreparedStatement.fetch(T4CPreparedStatement.java:1119)
    at oracle.jdbc.driver.OracleResultSetImpl.close_or_fetch_from_next(OracleResultSetImpl.java:373)
      - locked oracle.jdbc.driver.T4CConnection@70dbe358
    at oracle.jdbc.driver.OracleResultSetImpl.next(OracleResultSetImpl.java:277)
      - locked oracle.jdbc.driver.T4CConnection@70dbe358
    at sun.reflect.GeneratedMethodAccessor16.invoke(Unknown Source)
    at sun.reflect.DelegatingMethodAccessorImpl.invoke(DelegatingMethodAccessorImpl.java:43)
    at java.lang.reflect.Method.invoke(Method.java:606)
    at oracle.ucp.jdbc.proxy.ResultSetProxyFactory.invoke(ResultSetProxyFactory.java:202)
    at com.sun.proxy.$Proxy13.next(Unknown Source)
    at com.jpmorgan.lri.cs.context.dao.ContextFinderDao.findMemberContexts(ContextFinderDao.java:373)
    at com.jpmorgan.lri.cs.context.ContextServiceImpl.getContext(ContextServiceImpl.java:207)
    at com.jpmorgan.lri.cs.ae.distexec.command.CommandDBService.getContext(CommandDBService.java:801)
    at com.jpmorgan.lri.cs.ae.distexec.command.CommandDBService.getContextLevel3(CommandDBService.java:738)
    at com.jpmorgan.lri.cs.ae.cache.preparer.CFGParamsFinder.findParams(CFGParamsFinder.java:36)
    at com.jpmorgan.lri.cs.ae.engine.PlaneBuilderV2Stress.<init>(PlaneBuilderV2Stress.java:272)
    at com.jpmorgan.lri.cs.ae.distexec.exec.task.ProcessRequestMapperTask.callOnMapper(ProcessRequestMapperTask.java:91)
    at com.jpmorgan.lri.cs.ae.distexec.exec.task.ProcessRequestMapperTask.callOnMapper(ProcessRequestMapperTask.java:38)
    at com.jpmorgan.lri.cs.ae.distexec.exec.task.TaskExec.call(TaskExec.java:352)
    at org.infinispan.commands.read.DistributedExecuteCommand.perform(DistributedExecuteCommand.java:121)
    at org.infinispan.remoting.InboundInvocationHandlerImpl.handleInternal(InboundInvocationHandlerImpl.java:122)
    at org.infinispan.remoting.InboundInvocationHandlerImpl.access$000(InboundInvocationHandlerImpl.java:68)
    at org.infinispan.remoting.InboundInvocationHandlerImpl$2.run(InboundInvocationHandlerImpl.java:194)
    at java.util.concurrent.ThreadPoolExecutor.runWorker(ThreadPoolExecutor.java:1145)
    at java.util.concurrent.ThreadPoolExecutor$Worker.run(ThreadPoolExecutor.java:615)
    at java.lang.Thread.run(Thread.java:724)

    Locked synchronizers: count = 1
      - java.util.concurrent.ThreadPoolExecutor$Worker@7aaa37c4

"OOB-3,ISPN,211-57446(211)" Id=63 in WAITING on lock=java.util.concurrent.SynchronousQueue$TransferStack@4efa9b8d
    at sun.misc.Unsafe.park(Native Method)
    at java.util.concurrent.locks.LockSupport.park(LockSupport.java:186)
    at java.util.concurrent.SynchronousQueue$TransferStack.awaitFulfill(SynchronousQueue.java:458)
    at java.util.concurrent.SynchronousQueue$TransferStack.transfer(SynchronousQueue.java:359)
    at java.util.concurrent.SynchronousQueue.take(SynchronousQueue.java:925)
    at java.util.concurrent.ThreadPoolExecutor.getTask(ThreadPoolExecutor.java:1068)
    at java.util.concurrent.ThreadPoolExecutor.runWorker(ThreadPoolExecutor.java:1130)
    at java.util.concurrent.ThreadPoolExecutor$Worker.run(ThreadPoolExecutor.java:615)
    at java.lang.Thread.run(Thread.java:724)

    Locked synchronizers: count = 0

"TxCleanupService,___defaultcache,211-57446(211)" Id=62 in TIMED_WAITING on lock=java.util.concurrent.locks.AbstractQueuedSynchronizer$ConditionObject@36be489
    at sun.misc.Unsafe.park(Native Method)
    at java.util.concurrent.locks.LockSupport.parkNanos(LockSupport.java:226)
    at java.util.concurrent.locks.AbstractQueuedSynchronizer$ConditionObject.awaitNanos(AbstractQueuedSynchronizer.java:2082)
    at java.util.concurrent.ScheduledThreadPoolExecutor$DelayedWorkQueue.take(ScheduledThreadPoolExecutor.java:1090)
    at java.util.concurrent.ScheduledThreadPoolExecutor$DelayedWorkQueue.take(ScheduledThreadPoolExecutor.java:807)
    at java.util.concurrent.ThreadPoolExecutor.getTask(ThreadPoolExecutor.java:1068)
    at java.util.concurrent.ThreadPoolExecutor.runWorker(ThreadPoolExecutor.java:1130)
    at java.util.concurrent.ThreadPoolExecutor$Worker.run(ThreadPoolExecutor.java:615)
    at java.lang.Thread.run(Thread.java:724)

    Locked synchronizers: count = 0

"Scheduled-eviction-thread-0" Id=61 in TIMED_WAITING on lock=java.util.concurrent.locks.AbstractQueuedSynchronizer$ConditionObject@2068e020
    at sun.misc.Unsafe.park(Native Method)
    at java.util.concurrent.locks.LockSupport.parkNanos(LockSupport.java:226)
    at java.util.concurrent.locks.AbstractQueuedSynchronizer$ConditionObject.awaitNanos(AbstractQueuedSynchronizer.java:2082)
    at java.util.concurrent.ScheduledThreadPoolExecutor$DelayedWorkQueue.take(ScheduledThreadPoolExecutor.java:1090)
    at java.util.concurrent.ScheduledThreadPoolExecutor$DelayedWorkQueue.take(ScheduledThreadPoolExecutor.java:807)
    at java.util.concurrent.ThreadPoolExecutor.getTask(ThreadPoolExecutor.java:1068)
    at java.util.concurrent.ThreadPoolExecutor.runWorker(ThreadPoolExecutor.java:1130)
    at java.util.concurrent.ThreadPoolExecutor$Worker.run(ThreadPoolExecutor.java:615)
    at java.lang.Thread.run(Thread.java:724)

    Locked synchronizers: count = 0

"Incoming-6,ISPN,211-57446(211)" Id=60 in WAITING on lock=java.util.concurrent.locks.AbstractQueuedSynchronizer$ConditionObject@24859867
    at sun.misc.Unsafe.park(Native Method)
    at java.util.concurrent.locks.LockSupport.park(LockSupport.java:186)
    at java.util.concurrent.locks.AbstractQueuedSynchronizer$ConditionObject.await(AbstractQueuedSynchronizer.java:2043)
    at java.util.concurrent.LinkedBlockingQueue.take(LinkedBlockingQueue.java:442)
    at java.util.concurrent.ThreadPoolExecutor.getTask(ThreadPoolExecutor.java:1068)
    at java.util.concurrent.ThreadPoolExecutor.runWorker(ThreadPoolExecutor.java:1130)
    at java.util.concurrent.ThreadPoolExecutor$Worker.run(ThreadPoolExecutor.java:615)
    at java.lang.Thread.run(Thread.java:724)

    Locked synchronizers: count = 0

"Incoming-5,ISPN,211-57446(211)" Id=59 in WAITING on lock=java.util.concurrent.locks.AbstractQueuedSynchronizer$ConditionObject@24859867
    at sun.misc.Unsafe.park(Native Method)
    at java.util.concurrent.locks.LockSupport.park(LockSupport.java:186)
    at java.util.concurrent.locks.AbstractQueuedSynchronizer$ConditionObject.await(AbstractQueuedSynchronizer.java:2043)
    at java.util.concurrent.LinkedBlockingQueue.take(LinkedBlockingQueue.java:442)
    at java.util.concurrent.ThreadPoolExecutor.getTask(ThreadPoolExecutor.java:1068)
    at java.util.concurrent.ThreadPoolExecutor.runWorker(ThreadPoolExecutor.java:1130)
    at java.util.concurrent.ThreadPoolExecutor$Worker.run(ThreadPoolExecutor.java:615)
    at java.lang.Thread.run(Thread.java:724)

    Locked synchronizers: count = 0

"Incoming-4,ISPN,211-57446(211)" Id=58 in WAITING on lock=java.util.concurrent.locks.AbstractQueuedSynchronizer$ConditionObject@24859867
    at sun.misc.Unsafe.park(Native Method)
    at java.util.concurrent.locks.LockSupport.park(LockSupport.java:186)
    at java.util.concurrent.locks.AbstractQueuedSynchronizer$ConditionObject.await(AbstractQueuedSynchronizer.java:2043)
    at java.util.concurrent.LinkedBlockingQueue.take(LinkedBlockingQueue.java:442)
    at java.util.concurrent.ThreadPoolExecutor.getTask(ThreadPoolExecutor.java:1068)
    at java.util.concurrent.ThreadPoolExecutor.runWorker(ThreadPoolExecutor.java:1130)
    at java.util.concurrent.ThreadPoolExecutor$Worker.run(ThreadPoolExecutor.java:615)
    at java.lang.Thread.run(Thread.java:724)

    Locked synchronizers: count = 0

"FD_SOCK client connection handler,ISPN,211-57446(211)" Id=57 in RUNNABLE (running in native)
    at java.net.SocketInputStream.socketRead0(Native Method)
    at java.net.SocketInputStream.read(SocketInputStream.java:150)
    at java.net.SocketInputStream.read(SocketInputStream.java:121)
    at java.net.SocketInputStream.read(SocketInputStream.java:203)
    at org.jgroups.protocols.FD_SOCK$ClientConnectionHandler.run(FD_SOCK.java:1107)
    at java.lang.Thread.run(Thread.java:724)

    Locked synchronizers: count = 0

"FD_SOCK pinger,ISPN,211-57446(211)" Id=56 in RUNNABLE (running in native)
    at java.net.SocketInputStream.socketRead0(Native Method)
    at java.net.SocketInputStream.read(SocketInputStream.java:150)
    at java.net.SocketInputStream.read(SocketInputStream.java:121)
    at java.net.SocketInputStream.read(SocketInputStream.java:203)
    at org.jgroups.protocols.FD_SOCK.run(FD_SOCK.java:412)
    at java.lang.Thread.run(Thread.java:724)

    Locked synchronizers: count = 0

"Incoming-3,ISPN,211-57446(211)" Id=55 in WAITING on lock=java.util.concurrent.locks.AbstractQueuedSynchronizer$ConditionObject@24859867
    at sun.misc.Unsafe.park(Native Method)
    at java.util.concurrent.locks.LockSupport.park(LockSupport.java:186)
    at java.util.concurrent.locks.AbstractQueuedSynchronizer$ConditionObject.await(AbstractQueuedSynchronizer.java:2043)
    at java.util.concurrent.LinkedBlockingQueue.take(LinkedBlockingQueue.java:442)
    at java.util.concurrent.ThreadPoolExecutor.getTask(ThreadPoolExecutor.java:1068)
    at java.util.concurrent.ThreadPoolExecutor.runWorker(ThreadPoolExecutor.java:1130)
    at java.util.concurrent.ThreadPoolExecutor$Worker.run(ThreadPoolExecutor.java:615)
    at java.lang.Thread.run(Thread.java:724)

    Locked synchronizers: count = 0

"Incoming-2,ISPN,211-57446(211)" Id=54 in WAITING on lock=java.util.concurrent.locks.AbstractQueuedSynchronizer$ConditionObject@24859867
    at sun.misc.Unsafe.park(Native Method)
    at java.util.concurrent.locks.LockSupport.park(LockSupport.java:186)
    at java.util.concurrent.locks.AbstractQueuedSynchronizer$ConditionObject.await(AbstractQueuedSynchronizer.java:2043)
    at java.util.concurrent.LinkedBlockingQueue.take(LinkedBlockingQueue.java:442)
    at java.util.concurrent.ThreadPoolExecutor.getTask(ThreadPoolExecutor.java:1068)
    at java.util.concurrent.ThreadPoolExecutor.runWorker(ThreadPoolExecutor.java:1130)
    at java.util.concurrent.ThreadPoolExecutor$Worker.run(ThreadPoolExecutor.java:615)
    at java.lang.Thread.run(Thread.java:724)

    Locked synchronizers: count = 0

"Incoming-1,ISPN,211-57446(211)" Id=53 in WAITING on lock=java.util.concurrent.locks.AbstractQueuedSynchronizer$ConditionObject@24859867
    at sun.misc.Unsafe.park(Native Method)
    at java.util.concurrent.locks.LockSupport.park(LockSupport.java:186)
    at java.util.concurrent.locks.AbstractQueuedSynchronizer$ConditionObject.await(AbstractQueuedSynchronizer.java:2043)
    at java.util.concurrent.LinkedBlockingQueue.take(LinkedBlockingQueue.java:442)
    at java.util.concurrent.ThreadPoolExecutor.getTask(ThreadPoolExecutor.java:1068)
    at java.util.concurrent.ThreadPoolExecutor.runWorker(ThreadPoolExecutor.java:1130)
    at java.util.concurrent.ThreadPoolExecutor$Worker.run(ThreadPoolExecutor.java:615)
    at java.lang.Thread.run(Thread.java:724)

    Locked synchronizers: count = 0

"UCP-worker-thread-5" Id=52 in WAITING on lock=java.util.concurrent.locks.AbstractQueuedSynchronizer$ConditionObject@3fdd4181
    at sun.misc.Unsafe.park(Native Method)
    at java.util.concurrent.locks.LockSupport.park(LockSupport.java:186)
    at java.util.concurrent.locks.AbstractQueuedSynchronizer$ConditionObject.await(AbstractQueuedSynchronizer.java:2043)
    at java.util.concurrent.LinkedBlockingQueue.take(LinkedBlockingQueue.java:442)
    at java.util.concurrent.ThreadPoolExecutor.getTask(ThreadPoolExecutor.java:1068)
    at java.util.concurrent.ThreadPoolExecutor.runWorker(ThreadPoolExecutor.java:1130)
    at java.util.concurrent.ThreadPoolExecutor$Worker.run(ThreadPoolExecutor.java:615)
    at java.lang.Thread.run(Thread.java:724)

    Locked synchronizers: count = 0

"Timer-3,ISPN,211-57446(211)" Id=51 in WAITING on lock=java.util.concurrent.locks.AbstractQueuedSynchronizer$ConditionObject@50fc9206
    at sun.misc.Unsafe.park(Native Method)
    at java.util.concurrent.locks.LockSupport.park(LockSupport.java:186)
    at java.util.concurrent.locks.AbstractQueuedSynchronizer$ConditionObject.await(AbstractQueuedSynchronizer.java:2043)
    at java.util.concurrent.LinkedBlockingQueue.take(LinkedBlockingQueue.java:442)
    at java.util.concurrent.ThreadPoolExecutor.getTask(ThreadPoolExecutor.java:1068)
    at java.util.concurrent.ThreadPoolExecutor.runWorker(ThreadPoolExecutor.java:1130)
    at java.util.concurrent.ThreadPoolExecutor$Worker.run(ThreadPoolExecutor.java:615)
    at java.lang.Thread.run(Thread.java:724)

    Locked synchronizers: count = 0

"OOB-2,ISPN,211-57446(211)" Id=50 in WAITING on lock=java.util.concurrent.locks.AbstractQueuedSynchronizer$ConditionObject@75d6f173
    at sun.misc.Unsafe.park(Native Method)
    at java.util.concurrent.locks.LockSupport.park(LockSupport.java:186)
    at java.util.concurrent.locks.AbstractQueuedSynchronizer$ConditionObject.await(AbstractQueuedSynchronizer.java:2043)
    at java.util.concurrent.LinkedBlockingQueue.take(LinkedBlockingQueue.java:442)
    at java.util.concurrent.ThreadPoolExecutor.getTask(ThreadPoolExecutor.java:1068)
    at java.util.concurrent.ThreadPoolExecutor.runWorker(ThreadPoolExecutor.java:1130)
    at java.util.concurrent.ThreadPoolExecutor$Worker.run(ThreadPoolExecutor.java:615)
    at java.lang.Thread.run(Thread.java:724)

    Locked synchronizers: count = 0

"OOB-1,ISPN,211-57446(211)" Id=49 in RUNNABLE
    at org.jgroups.protocols.FD_ALL.update(FD_ALL.java:281)
    at org.jgroups.protocols.FD_ALL.up(FD_ALL.java:191)
    at org.jgroups.stack.Protocol.up(Protocol.java:406)
    at org.jgroups.protocols.MERGE2.up(MERGE2.java:223)
    at org.jgroups.stack.Protocol.up(Protocol.java:406)
    at org.jgroups.protocols.TP.passBatchUp(TP.java:1383)
    at org.jgroups.protocols.TP$BatchHandler.run(TP.java:1519)
    at java.util.concurrent.ThreadPoolExecutor.runWorker(ThreadPoolExecutor.java:1145)
    at java.util.concurrent.ThreadPoolExecutor$Worker.run(ThreadPoolExecutor.java:615)
    at java.lang.Thread.run(Thread.java:724)

    Locked synchronizers: count = 1
      - java.util.concurrent.ThreadPoolExecutor$Worker@85b7841

"FD_SOCK acceptor,ISPN,211-57446(211)" Id=48 in RUNNABLE (running in native)
    at java.net.PlainSocketImpl.socketAccept(Native Method)
    at java.net.AbstractPlainSocketImpl.accept(AbstractPlainSocketImpl.java:398)
    at java.net.ServerSocket.implAccept(ServerSocket.java:530)
    at java.net.ServerSocket.accept(ServerSocket.java:498)
    at org.jgroups.protocols.FD_SOCK$ServerSocketHandler.run(FD_SOCK.java:1039)
    at java.lang.Thread.run(Thread.java:724)

    Locked synchronizers: count = 0

"multicast receiver,ISPN,211-57446(211)" Id=47 in RUNNABLE
    at org.jgroups.util.Headers.<init>(Headers.java:36)
    at org.jgroups.Message.createHeaders(Message.java:894)
    at org.jgroups.Message.readFrom(Message.java:796)
    at org.jgroups.protocols.TP.readMessageBatch(TP.java:1726)
    at org.jgroups.protocols.TP.receive(TP.java:1421)
    at org.jgroups.protocols.UDP$PacketReceiver.run(UDP.java:683)
    at java.lang.Thread.run(Thread.java:724)

    Locked synchronizers: count = 0

"unicast receiver,ISPN,211-57446(211)" Id=46 in RUNNABLE (running in native)
    at java.net.PlainDatagramSocketImpl.receive0(Native Method)
      - locked java.net.PlainDatagramSocketImpl@6fca99e3
    at java.net.AbstractPlainDatagramSocketImpl.receive(AbstractPlainDatagramSocketImpl.java:145)
      - locked java.net.PlainDatagramSocketImpl@6fca99e3
    at java.net.DatagramSocket.receive(DatagramSocket.java:786)
      - locked java.net.DatagramPacket@57de5373
      - locked java.net.DatagramSocket@4538d016
    at org.jgroups.protocols.UDP$PacketReceiver.run(UDP.java:674)
    at java.lang.Thread.run(Thread.java:724)

    Locked synchronizers: count = 0

"TransferQueueBundler,ISPN,211-57446(211)" Id=45 in WAITING on lock=java.util.concurrent.locks.AbstractQueuedSynchronizer$ConditionObject@651fd594
    at sun.misc.Unsafe.park(Native Method)
    at java.util.concurrent.locks.LockSupport.park(LockSupport.java:186)
    at java.util.concurrent.locks.AbstractQueuedSynchronizer$ConditionObject.await(AbstractQueuedSynchronizer.java:2043)
    at java.util.concurrent.LinkedBlockingQueue.take(LinkedBlockingQueue.java:442)
    at org.jgroups.protocols.TP$TransferQueueBundler.run(TP.java:2233)
    at java.lang.Thread.run(Thread.java:724)

    Locked synchronizers: count = 0

"DiagnosticsHandler,ISPN,211-57446(211)" Id=44 in RUNNABLE (running in native)
    at java.net.PlainDatagramSocketImpl.receive0(Native Method)
      - locked java.net.PlainDatagramSocketImpl@cff1b6a
    at java.net.AbstractPlainDatagramSocketImpl.receive(AbstractPlainDatagramSocketImpl.java:145)
      - locked java.net.PlainDatagramSocketImpl@cff1b6a
    at java.net.DatagramSocket.receive(DatagramSocket.java:786)
      - locked java.net.DatagramPacket@14b076b5
      - locked java.net.MulticastSocket@4d416faf
    at org.jgroups.stack.DiagnosticsHandler.run(DiagnosticsHandler.java:116)
    at java.lang.Thread.run(Thread.java:724)

    Locked synchronizers: count = 0

"Timer-2,ISPN,211-57446(211)" Id=43 in WAITING on lock=java.util.concurrent.locks.AbstractQueuedSynchronizer$ConditionObject@50fc9206
    at sun.misc.Unsafe.park(Native Method)
    at java.util.concurrent.locks.LockSupport.park(LockSupport.java:186)
    at java.util.concurrent.locks.AbstractQueuedSynchronizer$ConditionObject.await(AbstractQueuedSynchronizer.java:2043)
    at java.util.concurrent.LinkedBlockingQueue.take(LinkedBlockingQueue.java:442)
    at java.util.concurrent.ThreadPoolExecutor.getTask(ThreadPoolExecutor.java:1068)
    at java.util.concurrent.ThreadPoolExecutor.runWorker(ThreadPoolExecutor.java:1130)
    at java.util.concurrent.ThreadPoolExecutor$Worker.run(ThreadPoolExecutor.java:615)
    at java.lang.Thread.run(Thread.java:724)

    Locked synchronizers: count = 0

"Timer runner-1,ISPN,211-57446(211)" Id=41 in TIMED_WAITING on lock=java.util.concurrent.locks.AbstractQueuedSynchronizer$ConditionObject@23fa2efb
    at sun.misc.Unsafe.park(Native Method)
    at java.util.concurrent.locks.LockSupport.parkNanos(LockSupport.java:226)
    at java.util.concurrent.locks.AbstractQueuedSynchronizer$ConditionObject.await(AbstractQueuedSynchronizer.java:2176)
    at org.jgroups.util.TimeScheduler2.waitUntilNextExecution(TimeScheduler2.java:298)
    at org.jgroups.util.TimeScheduler2._run(TimeScheduler2.java:280)
    at org.jgroups.util.TimeScheduler2.run(TimeScheduler2.java:242)
    at java.lang.Thread.run(Thread.java:724)

    Locked synchronizers: count = 0

"Timer-2" Id=39 in WAITING on lock=java.util.TaskQueue@7b89502
    at java.lang.Object.wait(Native Method)
    at java.lang.Object.wait(Object.java:503)
    at java.util.TimerThread.mainLoop(Timer.java:526)
    at java.util.TimerThread.run(Timer.java:505)

    Locked synchronizers: count = 0

"AD Thread-Top Backends Processor0" Id=38 in TIMED_WAITING on lock=java.util.concurrent.locks.AbstractQueuedSynchronizer$ConditionObject@59d72ac5
    at sun.misc.Unsafe.park(Native Method)
    at java.util.concurrent.locks.LockSupport.parkNanos(LockSupport.java:226)
    at java.util.concurrent.locks.AbstractQueuedSynchronizer$ConditionObject.awaitNanos(AbstractQueuedSynchronizer.java:2082)
    at java.util.concurrent.DelayQueue.take(DelayQueue.java:220)
    at com.singularity.ee.util.de.c(de.java:523)
    at com.singularity.ee.util.de.take(de.java:516)
    at com.singularity.ee.util.ge.a(ge.java:487)
    at com.singularity.ee.util.sb.run(sb.java:691)
    at java.lang.Thread.run(Thread.java:724)

    Locked synchronizers: count = 0

"UCP-worker-thread-4" Id=37 in WAITING on lock=java.util.concurrent.locks.AbstractQueuedSynchronizer$ConditionObject@3fdd4181
    at sun.misc.Unsafe.park(Native Method)
    at java.util.concurrent.locks.LockSupport.park(LockSupport.java:186)
    at java.util.concurrent.locks.AbstractQueuedSynchronizer$ConditionObject.await(AbstractQueuedSynchronizer.java:2043)
    at java.util.concurrent.LinkedBlockingQueue.take(LinkedBlockingQueue.java:442)
    at java.util.concurrent.ThreadPoolExecutor.getTask(ThreadPoolExecutor.java:1068)
    at java.util.concurrent.ThreadPoolExecutor.runWorker(ThreadPoolExecutor.java:1130)
    at java.util.concurrent.ThreadPoolExecutor$Worker.run(ThreadPoolExecutor.java:615)
    at java.lang.Thread.run(Thread.java:724)

    Locked synchronizers: count = 0

"UCP-worker-thread-3" Id=36 in WAITING on lock=java.util.concurrent.locks.AbstractQueuedSynchronizer$ConditionObject@3fdd4181
    at sun.misc.Unsafe.park(Native Method)
    at java.util.concurrent.locks.LockSupport.park(LockSupport.java:186)
    at java.util.concurrent.locks.AbstractQueuedSynchronizer$ConditionObject.await(AbstractQueuedSynchronizer.java:2043)
    at java.util.concurrent.LinkedBlockingQueue.take(LinkedBlockingQueue.java:442)
    at java.util.concurrent.ThreadPoolExecutor.getTask(ThreadPoolExecutor.java:1068)
    at java.util.concurrent.ThreadPoolExecutor.runWorker(ThreadPoolExecutor.java:1130)
    at java.util.concurrent.ThreadPoolExecutor$Worker.run(ThreadPoolExecutor.java:615)
    at java.lang.Thread.run(Thread.java:724)

    Locked synchronizers: count = 0

"UCP-worker-thread-2" Id=35 in WAITING on lock=java.util.concurrent.locks.AbstractQueuedSynchronizer$ConditionObject@3fdd4181
    at sun.misc.Unsafe.park(Native Method)
    at java.util.concurrent.locks.LockSupport.park(LockSupport.java:186)
    at java.util.concurrent.locks.AbstractQueuedSynchronizer$ConditionObject.await(AbstractQueuedSynchronizer.java:2043)
    at java.util.concurrent.LinkedBlockingQueue.take(LinkedBlockingQueue.java:442)
    at java.util.concurrent.ThreadPoolExecutor.getTask(ThreadPoolExecutor.java:1068)
    at java.util.concurrent.ThreadPoolExecutor.runWorker(ThreadPoolExecutor.java:1130)
    at java.util.concurrent.ThreadPoolExecutor$Worker.run(ThreadPoolExecutor.java:615)
    at java.lang.Thread.run(Thread.java:724)

    Locked synchronizers: count = 0

"UCP-worker-thread-1" Id=34 in WAITING on lock=java.util.concurrent.locks.AbstractQueuedSynchronizer$ConditionObject@3fdd4181
    at sun.misc.Unsafe.park(Native Method)
    at java.util.concurrent.locks.LockSupport.park(LockSupport.java:186)
    at java.util.concurrent.locks.AbstractQueuedSynchronizer$ConditionObject.await(AbstractQueuedSynchronizer.java:2043)
    at java.util.concurrent.LinkedBlockingQueue.take(LinkedBlockingQueue.java:442)
    at java.util.concurrent.ThreadPoolExecutor.getTask(ThreadPoolExecutor.java:1068)
    at java.util.concurrent.ThreadPoolExecutor.runWorker(ThreadPoolExecutor.java:1130)
    at java.util.concurrent.ThreadPoolExecutor$Worker.run(ThreadPoolExecutor.java:615)
    at java.lang.Thread.run(Thread.java:724)

    Locked synchronizers: count = 0

"Timer-1" Id=33 in TIMED_WAITING on lock=java.util.TaskQueue@6ed4e801
    at java.lang.Object.wait(Native Method)
    at java.util.TimerThread.mainLoop(Timer.java:552)
    at java.util.TimerThread.run(Timer.java:505)

    Locked synchronizers: count = 0

"Timer-0" Id=32 in TIMED_WAITING on lock=java.util.TaskQueue@5bcbd27f
    at java.lang.Object.wait(Native Method)
    at java.util.TimerThread.mainLoop(Timer.java:552)
    at java.util.TimerThread.run(Timer.java:505)

    Locked synchronizers: count = 0

"Thread-4" Id=24 in TIMED_WAITING
    at java.lang.Thread.sleep(Native Method)
    at org.apache.log4j.helpers.FileWatchdog.run(FileWatchdog.java:104)

    Locked synchronizers: count = 0

"Dispatcher-Thread-10" Id=30 in WAITING on lock=java.util.ArrayList@acf0ce8
    at java.lang.Object.wait(Native Method)
    at java.lang.Object.wait(Object.java:503)
    at org.apache.log4j.AsyncAppender$Dispatcher.run(AsyncAppender.java:545)
    at java.lang.Thread.run(Thread.java:724)

    Locked synchronizers: count = 0

"Dispatcher-Thread-9" Id=29 in WAITING on lock=java.util.ArrayList@1f5858e3
    at java.lang.Object.wait(Native Method)
    at java.lang.Object.wait(Object.java:503)
    at org.apache.log4j.AsyncAppender$Dispatcher.run(AsyncAppender.java:545)
    at java.lang.Thread.run(Thread.java:724)

    Locked synchronizers: count = 0

"Dispatcher-Thread-8" Id=28 in WAITING on lock=java.util.ArrayList@8309cf3
    at java.lang.Object.wait(Native Method)
    at java.lang.Object.wait(Object.java:503)
    at org.apache.log4j.AsyncAppender$Dispatcher.run(AsyncAppender.java:545)
    at java.lang.Thread.run(Thread.java:724)

    Locked synchronizers: count = 0

"JDWP Event Helper Thread" Id=20 in RUNNABLE

    Locked synchronizers: count = 0

"JDWP Transport Listener: dt_socket" Id=19 in RUNNABLE (running in native)

    Locked synchronizers: count = 0

"MultiThreadedHttpConnectionManager cleanup" Id=18 in WAITING on lock=java.lang.ref.ReferenceQueue$Lock@1d88976d
    at java.lang.Object.wait(Native Method)
    at java.lang.ref.ReferenceQueue.remove(ReferenceQueue.java:135)
    at java.lang.ref.ReferenceQueue.remove(ReferenceQueue.java:151)
    at org.apache.commons.httpclient.MultiThreadedHttpConnectionManager$ReferenceQueueThread.run(MultiThreadedHttpConnectionManager.java:1122)

    Locked synchronizers: count = 0

"AD Thread Pool-Global1" Id=17 in RUNNABLE
    at java.io.PrintWriter.write(PrintWriter.java:473)
    at java.io.PrintWriter.print(PrintWriter.java:603)
    at java.io.PrintWriter.println(PrintWriter.java:739)
      - locked java.io.BufferedWriter@12e4e8e4
    at com.singularity.ee.agent.appagent.services.uc.a(uc.java:84)
    at com.singularity.ee.agent.appagent.services.uc.a(uc.java:61)
    at com.singularity.ee.agent.appagent.services.logmonitoring.a.b(a.java:210)
    at com.singularity.ee.agent.appagent.services.logmonitoring.d.run(d.java:444)
    at com.singularity.ee.util.vb.run(vb.java:34)
    at java.util.concurrent.Executors$RunnableAdapter.call(Executors.java:471)
    at com.singularity.ee.util.le.e(le.java:290)
    at com.singularity.ee.util.kb.b(kb.java:145)
    at com.singularity.ee.util.lb.a(lb.java:82)
    at com.singularity.ee.util.lb.b(lb.java:160)
    at com.singularity.ee.util.lb.run(lb.java:184)
    at com.singularity.ee.util.sb.a(sb.java:667)
    at com.singularity.ee.util.sb.run(sb.java:692)
    at java.lang.Thread.run(Thread.java:724)

    Locked synchronizers: count = 1
      - java.util.concurrent.locks.ReentrantLock$NonfairSync@94aa11e

"AD Thread-Metric Reporter0" Id=16 in TIMED_WAITING on lock=java.util.concurrent.locks.AbstractQueuedSynchronizer$ConditionObject@3c16a21
    at sun.misc.Unsafe.park(Native Method)
    at java.util.concurrent.locks.LockSupport.parkNanos(LockSupport.java:226)
    at java.util.concurrent.locks.AbstractQueuedSynchronizer$ConditionObject.awaitNanos(AbstractQueuedSynchronizer.java:2082)
    at java.util.concurrent.DelayQueue.take(DelayQueue.java:220)
    at com.singularity.ee.util.de.c(de.java:523)
    at com.singularity.ee.util.de.take(de.java:516)
    at com.singularity.ee.util.ge.a(ge.java:487)
    at com.singularity.ee.util.sb.run(sb.java:691)
    at java.lang.Thread.run(Thread.java:724)

    Locked synchronizers: count = 0

"AD Thread Pool-Global0" Id=15 in RUNNABLE
    at sun.management.ThreadImpl.dumpThreads0(Native Method)
    at sun.management.ThreadImpl.dumpAllThreads(ThreadImpl.java:446)
    at com.singularity.ee.agent.appagent.services.uc.a(uc.java:46)
    at com.singularity.ee.agent.appagent.services.logmonitoring.bb.run(bb.java:487)
    at com.singularity.ee.util.vb.run(vb.java:34)
    at java.util.concurrent.Executors$RunnableAdapter.call(Executors.java:471)
    at com.singularity.ee.util.le.e(le.java:290)
    at com.singularity.ee.util.kb.b(kb.java:145)
    at com.singularity.ee.util.lb.a(lb.java:82)
    at com.singularity.ee.util.lb.b(lb.java:160)
    at com.singularity.ee.util.lb.run(lb.java:184)
    at com.singularity.ee.util.sb.a(sb.java:667)
    at com.singularity.ee.util.sb.run(sb.java:692)
    at java.lang.Thread.run(Thread.java:724)

    Locked synchronizers: count = 1
      - java.util.concurrent.locks.ReentrantLock$NonfairSync@33c2e95c

"AD Thread-Config Poller" Id=14 in TIMED_WAITING
    at java.lang.Thread.sleep(Native Method)
    at com.singularity.util.org.apache.log4j.helpers.FileWatchdog.run(FileWatchdog.java:104)

    Locked synchronizers: count = 0

"Thread-1" Id=6 in TIMED_WAITING
    at java.lang.Thread.sleep(Native Method)
    at com.singularity.util.org.apache.log4j.helpers.FileWatchdog.run(FileWatchdog.java:104)

    Locked synchronizers: count = 0

"Signal Dispatcher" Id=4 in RUNNABLE

    Locked synchronizers: count = 0

"Finalizer" Id=3 in WAITING on lock=java.lang.ref.ReferenceQueue$Lock@3d13867b
    at java.lang.Object.wait(Native Method)
    at java.lang.ref.ReferenceQueue.remove(ReferenceQueue.java:135)
    at java.lang.ref.ReferenceQueue.remove(ReferenceQueue.java:151)
    at java.lang.ref.Finalizer$FinalizerThread.run(Finalizer.java:189)

    Locked synchronizers: count = 0

"Reference Handler" Id=2 in WAITING on lock=java.lang.ref.Reference$Lock@eb4215f
    at java.lang.Object.wait(Native Method)
    at java.lang.Object.wait(Object.java:503)
    at java.lang.ref.Reference$ReferenceHandler.run(Reference.java:133)

    Locked synchronizers: count = 0


